<?xml version="1.0" encoding="UTF-8"?>
<testng-results ignored="0" total="1" passed="1" failed="0" skipped="0">
  <reporter-output>
  </reporter-output>
  <suite started-at="2023-08-12T06:33:06Z" name="Suite" finished-at="2023-08-12T06:33:33Z" duration-ms="26573">
    <groups>
    </groups>
    <test started-at="2023-08-12T06:33:06Z" name="Test" finished-at="2023-08-12T06:33:33Z" duration-ms="26573">
      <class name="testRunner.TestRunner">
        <test-method is-config="true" signature="setUpClass()[pri:0, instance:testRunner.TestRunner@5b799640]" started-at="2023-08-12T06:33:06Z" name="setUpClass" finished-at="2023-08-12T06:33:06Z" duration-ms="187" status="PASS">
          <reporter-output>
          </reporter-output>
        </test-method> <!-- setUpClass -->
        <test-method signature="feature(cucumber.api.testng.PickleEventWrapper, cucumber.api.testng.CucumberFeatureWrapper)[pri:0, instance:testRunner.TestRunner@5b799640]" started-at="2023-08-12T06:33:06Z" name="feature" data-provider="features" finished-at="2023-08-12T06:33:33Z" duration-ms="26247" status="PASS">
          <params>
            <param index="0">
              <value>
                <![CDATA["Youtube Search possitive scenarios"]]>
              </value>
            </param>
            <param index="1">
              <value>
                <![CDATA["Yotube Search validations"]]>
              </value>
            </param>
          </params>
          <reporter-output>
          </reporter-output>
        </test-method> <!-- feature -->
        <test-method is-config="true" signature="tearDownClass()[pri:0, instance:testRunner.TestRunner@5b799640]" started-at="2023-08-12T06:33:33Z" name="tearDownClass" finished-at="2023-08-12T06:33:33Z" duration-ms="23" status="PASS">
          <reporter-output>
          </reporter-output>
        </test-method> <!-- tearDownClass -->
      </class> <!-- testRunner.TestRunner -->
    </test> <!-- Test -->
  </suite> <!-- Suite -->
</testng-results>
